ERROR - 2024-12-31 08:47:53 --> mysqli_sql_exception: Failed to open the referenced table 'categories' in C:\xampp\htdocs\cashx-development\system\Database\MySQLi\Connection.php:312
Stack trace:
#0 C:\xampp\htdocs\cashx-development\system\Database\MySQLi\Connection.php(312): mysqli->query('CREATE TABLE `P...', 0)
#1 C:\xampp\htdocs\cashx-development\system\Database\BaseConnection.php(734): CodeIgniter\Database\MySQLi\Connection->execute('CREATE TABLE `P...')
#2 C:\xampp\htdocs\cashx-development\system\Database\BaseConnection.php(648): CodeIgniter\Database\BaseConnection->simpleQuery('CREATE TABLE `P...')
#3 C:\xampp\htdocs\cashx-development\system\Database\Forge.php(570): CodeIgniter\Database\BaseConnection->query('CREATE TABLE `P...')
#4 C:\xampp\htdocs\cashx-development\app\Database\Migrations\2024-12-30-090849_CreateProductsTable.php(50): CodeIgniter\Database\Forge->createTable('Products')
#5 C:\xampp\htdocs\cashx-development\system\Database\MigrationRunner.php(867): App\Database\Migrations\CreateProductsTable->up()
#6 C:\xampp\htdocs\cashx-development\system\Database\MigrationRunner.php(183): CodeIgniter\Database\MigrationRunner->migrate('up', Object(stdClass))
#7 C:\xampp\htdocs\cashx-development\system\Commands\Database\Migrate.php(85): CodeIgniter\Database\MigrationRunner->latest(NULL)
#8 C:\xampp\htdocs\cashx-development\system\CLI\Commands.php(70): CodeIgniter\Commands\Database\Migrate->run(Array)
#9 C:\xampp\htdocs\cashx-development\system\CLI\Console.php(48): CodeIgniter\CLI\Commands->run('migrate', Array)
#10 C:\xampp\htdocs\cashx-development\system\Boot.php(351): CodeIgniter\CLI\Console->run()
#11 C:\xampp\htdocs\cashx-development\system\Boot.php(104): CodeIgniter\Boot::runCommand(Object(CodeIgniter\CLI\Console))
#12 C:\xampp\htdocs\cashx-development\spark(84): CodeIgniter\Boot::bootSpark(Object(Config\Paths))
#13 {main}
ERROR - 2024-12-31 08:49:47 --> mysqli_sql_exception: Failed to open the referenced table 'categories' in C:\xampp\htdocs\cashx-development\system\Database\MySQLi\Connection.php:312
Stack trace:
#0 C:\xampp\htdocs\cashx-development\system\Database\MySQLi\Connection.php(312): mysqli->query('CREATE TABLE `P...', 0)
#1 C:\xampp\htdocs\cashx-development\system\Database\BaseConnection.php(734): CodeIgniter\Database\MySQLi\Connection->execute('CREATE TABLE `P...')
#2 C:\xampp\htdocs\cashx-development\system\Database\BaseConnection.php(648): CodeIgniter\Database\BaseConnection->simpleQuery('CREATE TABLE `P...')
#3 C:\xampp\htdocs\cashx-development\system\Database\Forge.php(570): CodeIgniter\Database\BaseConnection->query('CREATE TABLE `P...')
#4 C:\xampp\htdocs\cashx-development\app\Database\Migrations\2024-12-30-090849_CreateProductsTable.php(50): CodeIgniter\Database\Forge->createTable('Products')
#5 C:\xampp\htdocs\cashx-development\system\Database\MigrationRunner.php(867): App\Database\Migrations\CreateProductsTable->up()
#6 C:\xampp\htdocs\cashx-development\system\Database\MigrationRunner.php(183): CodeIgniter\Database\MigrationRunner->migrate('up', Object(stdClass))
#7 C:\xampp\htdocs\cashx-development\system\Commands\Database\Migrate.php(85): CodeIgniter\Database\MigrationRunner->latest(NULL)
#8 C:\xampp\htdocs\cashx-development\system\CLI\Commands.php(70): CodeIgniter\Commands\Database\Migrate->run(Array)
#9 C:\xampp\htdocs\cashx-development\system\CLI\Console.php(48): CodeIgniter\CLI\Commands->run('migrate', Array)
#10 C:\xampp\htdocs\cashx-development\system\Boot.php(351): CodeIgniter\CLI\Console->run()
#11 C:\xampp\htdocs\cashx-development\system\Boot.php(104): CodeIgniter\Boot::runCommand(Object(CodeIgniter\CLI\Console))
#12 C:\xampp\htdocs\cashx-development\spark(84): CodeIgniter\Boot::bootSpark(Object(Config\Paths))
#13 {main}
ERROR - 2024-12-31 08:50:25 --> mysqli_sql_exception: Failed to open the referenced table 'categories' in C:\xampp\htdocs\cashx-development\system\Database\MySQLi\Connection.php:312
Stack trace:
#0 C:\xampp\htdocs\cashx-development\system\Database\MySQLi\Connection.php(312): mysqli->query('CREATE TABLE `P...', 0)
#1 C:\xampp\htdocs\cashx-development\system\Database\BaseConnection.php(734): CodeIgniter\Database\MySQLi\Connection->execute('CREATE TABLE `P...')
#2 C:\xampp\htdocs\cashx-development\system\Database\BaseConnection.php(648): CodeIgniter\Database\BaseConnection->simpleQuery('CREATE TABLE `P...')
#3 C:\xampp\htdocs\cashx-development\system\Database\Forge.php(570): CodeIgniter\Database\BaseConnection->query('CREATE TABLE `P...')
#4 C:\xampp\htdocs\cashx-development\app\Database\Migrations\2024-12-30-090849_CreateProductsTable.php(50): CodeIgniter\Database\Forge->createTable('Products')
#5 C:\xampp\htdocs\cashx-development\system\Database\MigrationRunner.php(867): App\Database\Migrations\CreateProductsTable->up()
#6 C:\xampp\htdocs\cashx-development\system\Database\MigrationRunner.php(183): CodeIgniter\Database\MigrationRunner->migrate('up', Object(stdClass))
#7 C:\xampp\htdocs\cashx-development\system\Commands\Database\Migrate.php(85): CodeIgniter\Database\MigrationRunner->latest(NULL)
#8 C:\xampp\htdocs\cashx-development\system\CLI\Commands.php(70): CodeIgniter\Commands\Database\Migrate->run(Array)
#9 C:\xampp\htdocs\cashx-development\system\CLI\Console.php(48): CodeIgniter\CLI\Commands->run('migrate', Array)
#10 C:\xampp\htdocs\cashx-development\system\Boot.php(351): CodeIgniter\CLI\Console->run()
#11 C:\xampp\htdocs\cashx-development\system\Boot.php(104): CodeIgniter\Boot::runCommand(Object(CodeIgniter\CLI\Console))
#12 C:\xampp\htdocs\cashx-development\spark(84): CodeIgniter\Boot::bootSpark(Object(Config\Paths))
#13 {main}
ERROR - 2024-12-31 08:51:43 --> mysqli_sql_exception: Failed to open the referenced table 'categories' in C:\xampp\htdocs\cashx-development\system\Database\MySQLi\Connection.php:312
Stack trace:
#0 C:\xampp\htdocs\cashx-development\system\Database\MySQLi\Connection.php(312): mysqli->query('CREATE TABLE `P...', 0)
#1 C:\xampp\htdocs\cashx-development\system\Database\BaseConnection.php(734): CodeIgniter\Database\MySQLi\Connection->execute('CREATE TABLE `P...')
#2 C:\xampp\htdocs\cashx-development\system\Database\BaseConnection.php(648): CodeIgniter\Database\BaseConnection->simpleQuery('CREATE TABLE `P...')
#3 C:\xampp\htdocs\cashx-development\system\Database\Forge.php(570): CodeIgniter\Database\BaseConnection->query('CREATE TABLE `P...')
#4 C:\xampp\htdocs\cashx-development\app\Database\Migrations\2024-12-30-090849_CreateProductsTable.php(50): CodeIgniter\Database\Forge->createTable('Products')
#5 C:\xampp\htdocs\cashx-development\system\Database\MigrationRunner.php(867): App\Database\Migrations\CreateProductsTable->up()
#6 C:\xampp\htdocs\cashx-development\system\Database\MigrationRunner.php(183): CodeIgniter\Database\MigrationRunner->migrate('up', Object(stdClass))
#7 C:\xampp\htdocs\cashx-development\system\Commands\Database\Migrate.php(85): CodeIgniter\Database\MigrationRunner->latest(NULL)
#8 C:\xampp\htdocs\cashx-development\system\CLI\Commands.php(70): CodeIgniter\Commands\Database\Migrate->run(Array)
#9 C:\xampp\htdocs\cashx-development\system\CLI\Console.php(48): CodeIgniter\CLI\Commands->run('migrate', Array)
#10 C:\xampp\htdocs\cashx-development\system\Boot.php(351): CodeIgniter\CLI\Console->run()
#11 C:\xampp\htdocs\cashx-development\system\Boot.php(104): CodeIgniter\Boot::runCommand(Object(CodeIgniter\CLI\Console))
#12 C:\xampp\htdocs\cashx-development\spark(84): CodeIgniter\Boot::bootSpark(Object(Config\Paths))
#13 {main}
ERROR - 2024-12-31 08:53:09 --> mysqli_sql_exception: Failed to open the referenced table 'categories' in C:\xampp\htdocs\cashx-development\system\Database\MySQLi\Connection.php:312
Stack trace:
#0 C:\xampp\htdocs\cashx-development\system\Database\MySQLi\Connection.php(312): mysqli->query('CREATE TABLE `P...', 0)
#1 C:\xampp\htdocs\cashx-development\system\Database\BaseConnection.php(734): CodeIgniter\Database\MySQLi\Connection->execute('CREATE TABLE `P...')
#2 C:\xampp\htdocs\cashx-development\system\Database\BaseConnection.php(648): CodeIgniter\Database\BaseConnection->simpleQuery('CREATE TABLE `P...')
#3 C:\xampp\htdocs\cashx-development\system\Database\Forge.php(570): CodeIgniter\Database\BaseConnection->query('CREATE TABLE `P...')
#4 C:\xampp\htdocs\cashx-development\app\Database\Migrations\2024-12-30-090849_CreateProductsTable.php(50): CodeIgniter\Database\Forge->createTable('Products')
#5 C:\xampp\htdocs\cashx-development\system\Database\MigrationRunner.php(867): App\Database\Migrations\CreateProductsTable->up()
#6 C:\xampp\htdocs\cashx-development\system\Database\MigrationRunner.php(183): CodeIgniter\Database\MigrationRunner->migrate('up', Object(stdClass))
#7 C:\xampp\htdocs\cashx-development\system\Commands\Database\Migrate.php(85): CodeIgniter\Database\MigrationRunner->latest(NULL)
#8 C:\xampp\htdocs\cashx-development\system\CLI\Commands.php(70): CodeIgniter\Commands\Database\Migrate->run(Array)
#9 C:\xampp\htdocs\cashx-development\system\CLI\Console.php(48): CodeIgniter\CLI\Commands->run('migrate', Array)
#10 C:\xampp\htdocs\cashx-development\system\Boot.php(351): CodeIgniter\CLI\Console->run()
#11 C:\xampp\htdocs\cashx-development\system\Boot.php(104): CodeIgniter\Boot::runCommand(Object(CodeIgniter\CLI\Console))
#12 C:\xampp\htdocs\cashx-development\spark(84): CodeIgniter\Boot::bootSpark(Object(Config\Paths))
#13 {main}
ERROR - 2024-12-31 08:54:52 --> mysqli_sql_exception: Failed to open the referenced table 'categories' in C:\xampp\htdocs\cashx-development\system\Database\MySQLi\Connection.php:312
Stack trace:
#0 C:\xampp\htdocs\cashx-development\system\Database\MySQLi\Connection.php(312): mysqli->query('CREATE TABLE `P...', 0)
#1 C:\xampp\htdocs\cashx-development\system\Database\BaseConnection.php(734): CodeIgniter\Database\MySQLi\Connection->execute('CREATE TABLE `P...')
#2 C:\xampp\htdocs\cashx-development\system\Database\BaseConnection.php(648): CodeIgniter\Database\BaseConnection->simpleQuery('CREATE TABLE `P...')
#3 C:\xampp\htdocs\cashx-development\system\Database\Forge.php(570): CodeIgniter\Database\BaseConnection->query('CREATE TABLE `P...')
#4 C:\xampp\htdocs\cashx-development\app\Database\Migrations\2024-12-30-090849_CreateProductsTable.php(50): CodeIgniter\Database\Forge->createTable('Products')
#5 C:\xampp\htdocs\cashx-development\system\Database\MigrationRunner.php(867): App\Database\Migrations\CreateProductsTable->up()
#6 C:\xampp\htdocs\cashx-development\system\Database\MigrationRunner.php(183): CodeIgniter\Database\MigrationRunner->migrate('up', Object(stdClass))
#7 C:\xampp\htdocs\cashx-development\system\Commands\Database\Migrate.php(85): CodeIgniter\Database\MigrationRunner->latest(NULL)
#8 C:\xampp\htdocs\cashx-development\system\CLI\Commands.php(70): CodeIgniter\Commands\Database\Migrate->run(Array)
#9 C:\xampp\htdocs\cashx-development\system\CLI\Console.php(48): CodeIgniter\CLI\Commands->run('migrate', Array)
#10 C:\xampp\htdocs\cashx-development\system\Boot.php(351): CodeIgniter\CLI\Console->run()
#11 C:\xampp\htdocs\cashx-development\system\Boot.php(104): CodeIgniter\Boot::runCommand(Object(CodeIgniter\CLI\Console))
#12 C:\xampp\htdocs\cashx-development\spark(84): CodeIgniter\Boot::bootSpark(Object(Config\Paths))
#13 {main}
ERROR - 2024-12-31 09:02:37 --> mysqli_sql_exception: Failed to open the referenced table 'storagetype' in C:\xampp\htdocs\cashx-development\system\Database\MySQLi\Connection.php:312
Stack trace:
#0 C:\xampp\htdocs\cashx-development\system\Database\MySQLi\Connection.php(312): mysqli->query('CREATE TABLE `S...', 0)
#1 C:\xampp\htdocs\cashx-development\system\Database\BaseConnection.php(734): CodeIgniter\Database\MySQLi\Connection->execute('CREATE TABLE `S...')
#2 C:\xampp\htdocs\cashx-development\system\Database\BaseConnection.php(648): CodeIgniter\Database\BaseConnection->simpleQuery('CREATE TABLE `S...')
#3 C:\xampp\htdocs\cashx-development\system\Database\Forge.php(570): CodeIgniter\Database\BaseConnection->query('CREATE TABLE `S...')
#4 C:\xampp\htdocs\cashx-development\app\Database\Migrations\2024-12-30-092019_CreateStorageTable.php(79): CodeIgniter\Database\Forge->createTable('Storage')
#5 C:\xampp\htdocs\cashx-development\system\Database\MigrationRunner.php(867): App\Database\Migrations\CreateStorageTable->up()
#6 C:\xampp\htdocs\cashx-development\system\Database\MigrationRunner.php(183): CodeIgniter\Database\MigrationRunner->migrate('up', Object(stdClass))
#7 C:\xampp\htdocs\cashx-development\system\Commands\Database\Migrate.php(85): CodeIgniter\Database\MigrationRunner->latest(NULL)
#8 C:\xampp\htdocs\cashx-development\system\CLI\Commands.php(70): CodeIgniter\Commands\Database\Migrate->run(Array)
#9 C:\xampp\htdocs\cashx-development\system\CLI\Console.php(48): CodeIgniter\CLI\Commands->run('migrate', Array)
#10 C:\xampp\htdocs\cashx-development\system\Boot.php(351): CodeIgniter\CLI\Console->run()
#11 C:\xampp\htdocs\cashx-development\system\Boot.php(104): CodeIgniter\Boot::runCommand(Object(CodeIgniter\CLI\Console))
#12 C:\xampp\htdocs\cashx-development\spark(84): CodeIgniter\Boot::bootSpark(Object(Config\Paths))
#13 {main}
ERROR - 2024-12-31 09:03:45 --> mysqli_sql_exception: Failed to open the referenced table 'storagetype' in C:\xampp\htdocs\cashx-development\system\Database\MySQLi\Connection.php:312
Stack trace:
#0 C:\xampp\htdocs\cashx-development\system\Database\MySQLi\Connection.php(312): mysqli->query('CREATE TABLE `S...', 0)
#1 C:\xampp\htdocs\cashx-development\system\Database\BaseConnection.php(734): CodeIgniter\Database\MySQLi\Connection->execute('CREATE TABLE `S...')
#2 C:\xampp\htdocs\cashx-development\system\Database\BaseConnection.php(648): CodeIgniter\Database\BaseConnection->simpleQuery('CREATE TABLE `S...')
#3 C:\xampp\htdocs\cashx-development\system\Database\Forge.php(570): CodeIgniter\Database\BaseConnection->query('CREATE TABLE `S...')
#4 C:\xampp\htdocs\cashx-development\app\Database\Migrations\2024-12-30-092019_CreateStorageTable.php(78): CodeIgniter\Database\Forge->createTable('Storage')
#5 C:\xampp\htdocs\cashx-development\system\Database\MigrationRunner.php(867): App\Database\Migrations\CreateStorageTable->up()
#6 C:\xampp\htdocs\cashx-development\system\Database\MigrationRunner.php(183): CodeIgniter\Database\MigrationRunner->migrate('up', Object(stdClass))
#7 C:\xampp\htdocs\cashx-development\system\Commands\Database\Migrate.php(85): CodeIgniter\Database\MigrationRunner->latest(NULL)
#8 C:\xampp\htdocs\cashx-development\system\CLI\Commands.php(70): CodeIgniter\Commands\Database\Migrate->run(Array)
#9 C:\xampp\htdocs\cashx-development\system\CLI\Console.php(48): CodeIgniter\CLI\Commands->run('migrate', Array)
#10 C:\xampp\htdocs\cashx-development\system\Boot.php(351): CodeIgniter\CLI\Console->run()
#11 C:\xampp\htdocs\cashx-development\system\Boot.php(104): CodeIgniter\Boot::runCommand(Object(CodeIgniter\CLI\Console))
#12 C:\xampp\htdocs\cashx-development\spark(84): CodeIgniter\Boot::bootSpark(Object(Config\Paths))
#13 {main}
ERROR - 2024-12-31 09:06:32 --> mysqli_sql_exception: You have an error in your SQL syntax; check the manual that corresponds to your MySQL server version for the right syntax to use near '`PackagingTypeID` INT(5) UNSIGNED NOT NULL,
	`PackagingCost` DECIMAL(10,2) NOT N' at line 4 in C:\xampp\htdocs\cashx-development\system\Database\MySQLi\Connection.php:312
Stack trace:
#0 C:\xampp\htdocs\cashx-development\system\Database\MySQLi\Connection.php(312): mysqli->query('CREATE TABLE `P...', 0)
#1 C:\xampp\htdocs\cashx-development\system\Database\BaseConnection.php(734): CodeIgniter\Database\MySQLi\Connection->execute('CREATE TABLE `P...')
#2 C:\xampp\htdocs\cashx-development\system\Database\BaseConnection.php(648): CodeIgniter\Database\BaseConnection->simpleQuery('CREATE TABLE `P...')
#3 C:\xampp\htdocs\cashx-development\system\Database\Forge.php(570): CodeIgniter\Database\BaseConnection->query('CREATE TABLE `P...')
#4 C:\xampp\htdocs\cashx-development\app\Database\Migrations\2024-12-30-092054_CreatePackagingTable.php(50): CodeIgniter\Database\Forge->createTable('Packaging')
#5 C:\xampp\htdocs\cashx-development\system\Database\MigrationRunner.php(867): App\Database\Migrations\CreatePackagingTable->up()
#6 C:\xampp\htdocs\cashx-development\system\Database\MigrationRunner.php(183): CodeIgniter\Database\MigrationRunner->migrate('up', Object(stdClass))
#7 C:\xampp\htdocs\cashx-development\system\Commands\Database\Migrate.php(85): CodeIgniter\Database\MigrationRunner->latest(NULL)
#8 C:\xampp\htdocs\cashx-development\system\CLI\Commands.php(70): CodeIgniter\Commands\Database\Migrate->run(Array)
#9 C:\xampp\htdocs\cashx-development\system\CLI\Console.php(48): CodeIgniter\CLI\Commands->run('migrate', Array)
#10 C:\xampp\htdocs\cashx-development\system\Boot.php(351): CodeIgniter\CLI\Console->run()
#11 C:\xampp\htdocs\cashx-development\system\Boot.php(104): CodeIgniter\Boot::runCommand(Object(CodeIgniter\CLI\Console))
#12 C:\xampp\htdocs\cashx-development\spark(84): CodeIgniter\Boot::bootSpark(Object(Config\Paths))
#13 {main}
ERROR - 2024-12-31 09:08:31 --> mysqli_sql_exception: You have an error in your SQL syntax; check the manual that corresponds to your MySQL server version for the right syntax to use near '`ShippingMethodID` INT(5) UNSIGNED NOT NULL,
	`ShippingCost` DECIMAL(10,2) NOT N' at line 4 in C:\xampp\htdocs\cashx-development\system\Database\MySQLi\Connection.php:312
Stack trace:
#0 C:\xampp\htdocs\cashx-development\system\Database\MySQLi\Connection.php(312): mysqli->query('CREATE TABLE `S...', 0)
#1 C:\xampp\htdocs\cashx-development\system\Database\BaseConnection.php(734): CodeIgniter\Database\MySQLi\Connection->execute('CREATE TABLE `S...')
#2 C:\xampp\htdocs\cashx-development\system\Database\BaseConnection.php(648): CodeIgniter\Database\BaseConnection->simpleQuery('CREATE TABLE `S...')
#3 C:\xampp\htdocs\cashx-development\system\Database\Forge.php(570): CodeIgniter\Database\BaseConnection->query('CREATE TABLE `S...')
#4 C:\xampp\htdocs\cashx-development\app\Database\Migrations\2024-12-30-092350_CreateShippingCostsTable.php(50): CodeIgniter\Database\Forge->createTable('ShippingCosts')
#5 C:\xampp\htdocs\cashx-development\system\Database\MigrationRunner.php(867): App\Database\Migrations\CreateShippingCostsTable->up()
#6 C:\xampp\htdocs\cashx-development\system\Database\MigrationRunner.php(183): CodeIgniter\Database\MigrationRunner->migrate('up', Object(stdClass))
#7 C:\xampp\htdocs\cashx-development\system\Commands\Database\Migrate.php(85): CodeIgniter\Database\MigrationRunner->latest(NULL)
#8 C:\xampp\htdocs\cashx-development\system\CLI\Commands.php(70): CodeIgniter\Commands\Database\Migrate->run(Array)
#9 C:\xampp\htdocs\cashx-development\system\CLI\Console.php(48): CodeIgniter\CLI\Commands->run('migrate', Array)
#10 C:\xampp\htdocs\cashx-development\system\Boot.php(351): CodeIgniter\CLI\Console->run()
#11 C:\xampp\htdocs\cashx-development\system\Boot.php(104): CodeIgniter\Boot::runCommand(Object(CodeIgniter\CLI\Console))
#12 C:\xampp\htdocs\cashx-development\spark(84): CodeIgniter\Boot::bootSpark(Object(Config\Paths))
#13 {main}
ERROR - 2024-12-31 09:10:36 --> mysqli_sql_exception: Column count doesn't match value count at row 1 in C:\xampp\htdocs\cashx-development\system\Database\MySQLi\Connection.php:312
Stack trace:
#0 C:\xampp\htdocs\cashx-development\system\Database\MySQLi\Connection.php(312): mysqli->query('INSERT INTO `Ap...', 0)
#1 C:\xampp\htdocs\cashx-development\system\Database\BaseConnection.php(734): CodeIgniter\Database\MySQLi\Connection->execute('INSERT INTO `Ap...')
#2 C:\xampp\htdocs\cashx-development\system\Database\BaseConnection.php(648): CodeIgniter\Database\BaseConnection->simpleQuery('INSERT INTO `Ap...')
#3 C:\xampp\htdocs\cashx-development\system\Database\BaseBuilder.php(1836): CodeIgniter\Database\BaseConnection->query('INSERT INTO `Ap...', NULL, false)
#4 C:\xampp\htdocs\cashx-development\system\Database\BaseBuilder.php(2225): CodeIgniter\Database\BaseBuilder->batchExecute('_insertBatch', 100)
#5 C:\xampp\htdocs\cashx-development\app\Database\Seeds\ApiKeysSeeder.php(37): CodeIgniter\Database\BaseBuilder->insertBatch(Array)
#6 C:\xampp\htdocs\cashx-development\system\Database\Seeder.php(147): App\Database\Seeds\ApiKeysSeeder->run()
#7 C:\xampp\htdocs\cashx-development\app\Database\Seeds\DatabaseSeeder.php(12): CodeIgniter\Database\Seeder->call('App\\Database\\Se...')
#8 C:\xampp\htdocs\cashx-development\system\Database\Seeder.php(147): App\Database\Seeds\DatabaseSeeder->run()
#9 C:\xampp\htdocs\cashx-development\system\Commands\Database\Seed.php(79): CodeIgniter\Database\Seeder->call('App\\Database\\Se...')
#10 C:\xampp\htdocs\cashx-development\system\CLI\Commands.php(70): CodeIgniter\Commands\Database\Seed->run(Array)
#11 C:\xampp\htdocs\cashx-development\system\CLI\Console.php(48): CodeIgniter\CLI\Commands->run('db:seed', Array)
#12 C:\xampp\htdocs\cashx-development\system\Boot.php(351): CodeIgniter\CLI\Console->run()
#13 C:\xampp\htdocs\cashx-development\system\Boot.php(104): CodeIgniter\Boot::runCommand(Object(CodeIgniter\CLI\Console))
#14 C:\xampp\htdocs\cashx-development\spark(84): CodeIgniter\Boot::bootSpark(Object(Config\Paths))
#15 {main}
ERROR - 2024-12-31 09:11:58 --> mysqli_sql_exception: Column count doesn't match value count at row 1 in C:\xampp\htdocs\cashx-development\system\Database\MySQLi\Connection.php:312
Stack trace:
#0 C:\xampp\htdocs\cashx-development\system\Database\MySQLi\Connection.php(312): mysqli->query('INSERT INTO `Ap...', 0)
#1 C:\xampp\htdocs\cashx-development\system\Database\BaseConnection.php(734): CodeIgniter\Database\MySQLi\Connection->execute('INSERT INTO `Ap...')
#2 C:\xampp\htdocs\cashx-development\system\Database\BaseConnection.php(648): CodeIgniter\Database\BaseConnection->simpleQuery('INSERT INTO `Ap...')
#3 C:\xampp\htdocs\cashx-development\system\Database\BaseBuilder.php(1836): CodeIgniter\Database\BaseConnection->query('INSERT INTO `Ap...', NULL, false)
#4 C:\xampp\htdocs\cashx-development\system\Database\BaseBuilder.php(2225): CodeIgniter\Database\BaseBuilder->batchExecute('_insertBatch', 100)
#5 C:\xampp\htdocs\cashx-development\app\Database\Seeds\ApiKeysSeeder.php(37): CodeIgniter\Database\BaseBuilder->insertBatch(Array)
#6 C:\xampp\htdocs\cashx-development\system\Database\Seeder.php(147): App\Database\Seeds\ApiKeysSeeder->run()
#7 C:\xampp\htdocs\cashx-development\system\Commands\Database\Seed.php(79): CodeIgniter\Database\Seeder->call('App\\Database\\Se...')
#8 C:\xampp\htdocs\cashx-development\system\CLI\Commands.php(70): CodeIgniter\Commands\Database\Seed->run(Array)
#9 C:\xampp\htdocs\cashx-development\system\CLI\Console.php(48): CodeIgniter\CLI\Commands->run('db:seed', Array)
#10 C:\xampp\htdocs\cashx-development\system\Boot.php(351): CodeIgniter\CLI\Console->run()
#11 C:\xampp\htdocs\cashx-development\system\Boot.php(104): CodeIgniter\Boot::runCommand(Object(CodeIgniter\CLI\Console))
#12 C:\xampp\htdocs\cashx-development\spark(84): CodeIgniter\Boot::bootSpark(Object(Config\Paths))
#13 {main}
ERROR - 2024-12-31 09:12:17 --> mysqli_sql_exception: Unknown column 'expire_at' in 'field list' in C:\xampp\htdocs\cashx-development\system\Database\MySQLi\Connection.php:312
Stack trace:
#0 C:\xampp\htdocs\cashx-development\system\Database\MySQLi\Connection.php(312): mysqli->query('INSERT INTO `Ap...', 0)
#1 C:\xampp\htdocs\cashx-development\system\Database\BaseConnection.php(734): CodeIgniter\Database\MySQLi\Connection->execute('INSERT INTO `Ap...')
#2 C:\xampp\htdocs\cashx-development\system\Database\BaseConnection.php(648): CodeIgniter\Database\BaseConnection->simpleQuery('INSERT INTO `Ap...')
#3 C:\xampp\htdocs\cashx-development\system\Database\BaseBuilder.php(1836): CodeIgniter\Database\BaseConnection->query('INSERT INTO `Ap...', NULL, false)
#4 C:\xampp\htdocs\cashx-development\system\Database\BaseBuilder.php(2225): CodeIgniter\Database\BaseBuilder->batchExecute('_insertBatch', 100)
#5 C:\xampp\htdocs\cashx-development\app\Database\Seeds\ApiKeysSeeder.php(21): CodeIgniter\Database\BaseBuilder->insertBatch(Array)
#6 C:\xampp\htdocs\cashx-development\system\Database\Seeder.php(147): App\Database\Seeds\ApiKeysSeeder->run()
#7 C:\xampp\htdocs\cashx-development\system\Commands\Database\Seed.php(79): CodeIgniter\Database\Seeder->call('App\\Database\\Se...')
#8 C:\xampp\htdocs\cashx-development\system\CLI\Commands.php(70): CodeIgniter\Commands\Database\Seed->run(Array)
#9 C:\xampp\htdocs\cashx-development\system\CLI\Console.php(48): CodeIgniter\CLI\Commands->run('db:seed', Array)
#10 C:\xampp\htdocs\cashx-development\system\Boot.php(351): CodeIgniter\CLI\Console->run()
#11 C:\xampp\htdocs\cashx-development\system\Boot.php(104): CodeIgniter\Boot::runCommand(Object(CodeIgniter\CLI\Console))
#12 C:\xampp\htdocs\cashx-development\spark(84): CodeIgniter\Boot::bootSpark(Object(Config\Paths))
#13 {main}
ERROR - 2024-12-31 09:28:00 --> mysqli_sql_exception: Incorrect table definition; there can be only one auto column and it must be defined as a key in C:\xampp\htdocs\cashx-development\system\Database\MySQLi\Connection.php:312
Stack trace:
#0 C:\xampp\htdocs\cashx-development\system\Database\MySQLi\Connection.php(312): mysqli->query('CREATE TABLE `U...', 0)
#1 C:\xampp\htdocs\cashx-development\system\Database\BaseConnection.php(734): CodeIgniter\Database\MySQLi\Connection->execute('CREATE TABLE `U...')
#2 C:\xampp\htdocs\cashx-development\system\Database\BaseConnection.php(648): CodeIgniter\Database\BaseConnection->simpleQuery('CREATE TABLE `U...')
#3 C:\xampp\htdocs\cashx-development\system\Database\Forge.php(570): CodeIgniter\Database\BaseConnection->query('CREATE TABLE `U...')
#4 C:\xampp\htdocs\cashx-development\app\Database\Migrations\2024-12-31-092007_CreateUserRoleTypeTable.php(34): CodeIgniter\Database\Forge->createTable('UserRoleType')
#5 C:\xampp\htdocs\cashx-development\system\Database\MigrationRunner.php(867): App\Database\Migrations\CreateUserRoleTypeTable->up()
#6 C:\xampp\htdocs\cashx-development\system\Database\MigrationRunner.php(183): CodeIgniter\Database\MigrationRunner->migrate('up', Object(stdClass))
#7 C:\xampp\htdocs\cashx-development\system\Commands\Database\Migrate.php(85): CodeIgniter\Database\MigrationRunner->latest(NULL)
#8 C:\xampp\htdocs\cashx-development\system\CLI\Commands.php(70): CodeIgniter\Commands\Database\Migrate->run(Array)
#9 C:\xampp\htdocs\cashx-development\system\CLI\Console.php(48): CodeIgniter\CLI\Commands->run('migrate', Array)
#10 C:\xampp\htdocs\cashx-development\system\Boot.php(351): CodeIgniter\CLI\Console->run()
#11 C:\xampp\htdocs\cashx-development\system\Boot.php(104): CodeIgniter\Boot::runCommand(Object(CodeIgniter\CLI\Console))
#12 C:\xampp\htdocs\cashx-development\spark(84): CodeIgniter\Boot::bootSpark(Object(Config\Paths))
#13 {main}
ERROR - 2024-12-31 09:29:25 --> mysqli_sql_exception: Unknown column 'CreatedAt' in 'field list' in C:\xampp\htdocs\cashx-development\system\Database\MySQLi\Connection.php:312
Stack trace:
#0 C:\xampp\htdocs\cashx-development\system\Database\MySQLi\Connection.php(312): mysqli->query('INSERT INTO `Su...', 0)
#1 C:\xampp\htdocs\cashx-development\system\Database\BaseConnection.php(734): CodeIgniter\Database\MySQLi\Connection->execute('INSERT INTO `Su...')
#2 C:\xampp\htdocs\cashx-development\system\Database\BaseConnection.php(648): CodeIgniter\Database\BaseConnection->simpleQuery('INSERT INTO `Su...')
#3 C:\xampp\htdocs\cashx-development\system\Database\BaseBuilder.php(1836): CodeIgniter\Database\BaseConnection->query('INSERT INTO `Su...', NULL, false)
#4 C:\xampp\htdocs\cashx-development\system\Database\BaseBuilder.php(2225): CodeIgniter\Database\BaseBuilder->batchExecute('_insertBatch', 100)
#5 C:\xampp\htdocs\cashx-development\app\Database\Seeds\SuppliersSeeder.php(26): CodeIgniter\Database\BaseBuilder->insertBatch(Array)
#6 C:\xampp\htdocs\cashx-development\system\Database\Seeder.php(147): App\Database\Seeds\SuppliersSeeder->run()
#7 C:\xampp\htdocs\cashx-development\app\Database\Seeds\DatabaseSeeder.php(18): CodeIgniter\Database\Seeder->call('App\\Database\\Se...')
#8 C:\xampp\htdocs\cashx-development\system\Database\Seeder.php(147): App\Database\Seeds\DatabaseSeeder->run()
#9 C:\xampp\htdocs\cashx-development\system\Commands\Database\Seed.php(79): CodeIgniter\Database\Seeder->call('App\\Database\\Se...')
#10 C:\xampp\htdocs\cashx-development\system\CLI\Commands.php(70): CodeIgniter\Commands\Database\Seed->run(Array)
#11 C:\xampp\htdocs\cashx-development\system\CLI\Console.php(48): CodeIgniter\CLI\Commands->run('db:seed', Array)
#12 C:\xampp\htdocs\cashx-development\system\Boot.php(351): CodeIgniter\CLI\Console->run()
#13 C:\xampp\htdocs\cashx-development\system\Boot.php(104): CodeIgniter\Boot::runCommand(Object(CodeIgniter\CLI\Console))
#14 C:\xampp\htdocs\cashx-development\spark(84): CodeIgniter\Boot::bootSpark(Object(Config\Paths))
#15 {main}
ERROR - 2024-12-31 09:34:01 --> mysqli_sql_exception: Unknown column 'CreatedAt' in 'field list' in C:\xampp\htdocs\cashx-development\system\Database\MySQLi\Connection.php:312
Stack trace:
#0 C:\xampp\htdocs\cashx-development\system\Database\MySQLi\Connection.php(312): mysqli->query('INSERT INTO `Su...', 0)
#1 C:\xampp\htdocs\cashx-development\system\Database\BaseConnection.php(734): CodeIgniter\Database\MySQLi\Connection->execute('INSERT INTO `Su...')
#2 C:\xampp\htdocs\cashx-development\system\Database\BaseConnection.php(648): CodeIgniter\Database\BaseConnection->simpleQuery('INSERT INTO `Su...')
#3 C:\xampp\htdocs\cashx-development\system\Database\BaseBuilder.php(1836): CodeIgniter\Database\BaseConnection->query('INSERT INTO `Su...', NULL, false)
#4 C:\xampp\htdocs\cashx-development\system\Database\BaseBuilder.php(2225): CodeIgniter\Database\BaseBuilder->batchExecute('_insertBatch', 100)
#5 C:\xampp\htdocs\cashx-development\app\Database\Seeds\SuppliersSeeder.php(26): CodeIgniter\Database\BaseBuilder->insertBatch(Array)
#6 C:\xampp\htdocs\cashx-development\system\Database\Seeder.php(147): App\Database\Seeds\SuppliersSeeder->run()
#7 C:\xampp\htdocs\cashx-development\app\Database\Seeds\DatabaseSeeder.php(18): CodeIgniter\Database\Seeder->call('App\\Database\\Se...')
#8 C:\xampp\htdocs\cashx-development\system\Database\Seeder.php(147): App\Database\Seeds\DatabaseSeeder->run()
#9 C:\xampp\htdocs\cashx-development\system\Commands\Database\Seed.php(79): CodeIgniter\Database\Seeder->call('App\\Database\\Se...')
#10 C:\xampp\htdocs\cashx-development\system\CLI\Commands.php(70): CodeIgniter\Commands\Database\Seed->run(Array)
#11 C:\xampp\htdocs\cashx-development\system\CLI\Console.php(48): CodeIgniter\CLI\Commands->run('db:seed', Array)
#12 C:\xampp\htdocs\cashx-development\system\Boot.php(351): CodeIgniter\CLI\Console->run()
#13 C:\xampp\htdocs\cashx-development\system\Boot.php(104): CodeIgniter\Boot::runCommand(Object(CodeIgniter\CLI\Console))
#14 C:\xampp\htdocs\cashx-development\spark(84): CodeIgniter\Boot::bootSpark(Object(Config\Paths))
#15 {main}
ERROR - 2024-12-31 09:43:06 --> mysqli_sql_exception: Unknown column 'allowed_ips' in 'field list' in C:\xampp\htdocs\cashx-development\system\Database\MySQLi\Connection.php:312
Stack trace:
#0 C:\xampp\htdocs\cashx-development\system\Database\MySQLi\Connection.php(312): mysqli->query('INSERT INTO `Ap...', 0)
#1 C:\xampp\htdocs\cashx-development\system\Database\BaseConnection.php(734): CodeIgniter\Database\MySQLi\Connection->execute('INSERT INTO `Ap...')
#2 C:\xampp\htdocs\cashx-development\system\Database\BaseConnection.php(648): CodeIgniter\Database\BaseConnection->simpleQuery('INSERT INTO `Ap...')
#3 C:\xampp\htdocs\cashx-development\system\Database\BaseBuilder.php(1836): CodeIgniter\Database\BaseConnection->query('INSERT INTO `Ap...', NULL, false)
#4 C:\xampp\htdocs\cashx-development\system\Database\BaseBuilder.php(2225): CodeIgniter\Database\BaseBuilder->batchExecute('_insertBatch', 100)
#5 C:\xampp\htdocs\cashx-development\app\Database\Seeds\ApiKeysSeeder.php(40): CodeIgniter\Database\BaseBuilder->insertBatch(Array)
#6 C:\xampp\htdocs\cashx-development\system\Database\Seeder.php(147): App\Database\Seeds\ApiKeysSeeder->run()
#7 C:\xampp\htdocs\cashx-development\app\Database\Seeds\DatabaseSeeder.php(12): CodeIgniter\Database\Seeder->call('App\\Database\\Se...')
#8 C:\xampp\htdocs\cashx-development\system\Database\Seeder.php(147): App\Database\Seeds\DatabaseSeeder->run()
#9 C:\xampp\htdocs\cashx-development\system\Commands\Database\Seed.php(79): CodeIgniter\Database\Seeder->call('App\\Database\\Se...')
#10 C:\xampp\htdocs\cashx-development\system\CLI\Commands.php(70): CodeIgniter\Commands\Database\Seed->run(Array)
#11 C:\xampp\htdocs\cashx-development\system\CLI\Console.php(48): CodeIgniter\CLI\Commands->run('db:seed', Array)
#12 C:\xampp\htdocs\cashx-development\system\Boot.php(351): CodeIgniter\CLI\Console->run()
#13 C:\xampp\htdocs\cashx-development\system\Boot.php(104): CodeIgniter\Boot::runCommand(Object(CodeIgniter\CLI\Console))
#14 C:\xampp\htdocs\cashx-development\spark(84): CodeIgniter\Boot::bootSpark(Object(Config\Paths))
#15 {main}
ERROR - 2024-12-31 09:44:18 --> mysqli_sql_exception: Cannot add or update a child row: a foreign key constraint fails (`cashx_development`.`operations`, CONSTRAINT `Operations_CurrencyID_foreign` FOREIGN KEY (`CurrencyID`) REFERENCES `currencies` (`CurrencyID`) ON DELETE CASCADE ON UPDATE CASCADE) in C:\xampp\htdocs\cashx-development\system\Database\MySQLi\Connection.php:312
Stack trace:
#0 C:\xampp\htdocs\cashx-development\system\Database\MySQLi\Connection.php(312): mysqli->query('INSERT INTO `Op...', 0)
#1 C:\xampp\htdocs\cashx-development\system\Database\BaseConnection.php(734): CodeIgniter\Database\MySQLi\Connection->execute('INSERT INTO `Op...')
#2 C:\xampp\htdocs\cashx-development\system\Database\BaseConnection.php(648): CodeIgniter\Database\BaseConnection->simpleQuery('INSERT INTO `Op...')
#3 C:\xampp\htdocs\cashx-development\system\Database\BaseBuilder.php(1836): CodeIgniter\Database\BaseConnection->query('INSERT INTO `Op...', NULL, false)
#4 C:\xampp\htdocs\cashx-development\system\Database\BaseBuilder.php(2225): CodeIgniter\Database\BaseBuilder->batchExecute('_insertBatch', 100)
#5 C:\xampp\htdocs\cashx-development\app\Database\Seeds\OperationsSeeder.php(46): CodeIgniter\Database\BaseBuilder->insertBatch(Array)
#6 C:\xampp\htdocs\cashx-development\system\Database\Seeder.php(147): App\Database\Seeds\OperationsSeeder->run()
#7 C:\xampp\htdocs\cashx-development\app\Database\Seeds\DatabaseSeeder.php(24): CodeIgniter\Database\Seeder->call('App\\Database\\Se...')
#8 C:\xampp\htdocs\cashx-development\system\Database\Seeder.php(147): App\Database\Seeds\DatabaseSeeder->run()
#9 C:\xampp\htdocs\cashx-development\system\Commands\Database\Seed.php(79): CodeIgniter\Database\Seeder->call('App\\Database\\Se...')
#10 C:\xampp\htdocs\cashx-development\system\CLI\Commands.php(70): CodeIgniter\Commands\Database\Seed->run(Array)
#11 C:\xampp\htdocs\cashx-development\system\CLI\Console.php(48): CodeIgniter\CLI\Commands->run('db:seed', Array)
#12 C:\xampp\htdocs\cashx-development\system\Boot.php(351): CodeIgniter\CLI\Console->run()
#13 C:\xampp\htdocs\cashx-development\system\Boot.php(104): CodeIgniter\Boot::runCommand(Object(CodeIgniter\CLI\Console))
#14 C:\xampp\htdocs\cashx-development\spark(84): CodeIgniter\Boot::bootSpark(Object(Config\Paths))
#15 {main}
ERROR - 2024-12-31 10:05:10 --> mysqli_sql_exception: Duplicate entry 'admin' for key 'users.Username' in C:\xampp\htdocs\cashx-development\system\Database\MySQLi\Connection.php:312
Stack trace:
#0 C:\xampp\htdocs\cashx-development\system\Database\MySQLi\Connection.php(312): mysqli->query('INSERT INTO `Us...', 0)
#1 C:\xampp\htdocs\cashx-development\system\Database\BaseConnection.php(734): CodeIgniter\Database\MySQLi\Connection->execute('INSERT INTO `Us...')
#2 C:\xampp\htdocs\cashx-development\system\Database\BaseConnection.php(648): CodeIgniter\Database\BaseConnection->simpleQuery('INSERT INTO `Us...')
#3 C:\xampp\htdocs\cashx-development\system\Database\BaseBuilder.php(1836): CodeIgniter\Database\BaseConnection->query('INSERT INTO `Us...', NULL, false)
#4 C:\xampp\htdocs\cashx-development\system\Database\BaseBuilder.php(2225): CodeIgniter\Database\BaseBuilder->batchExecute('_insertBatch', 100)
#5 C:\xampp\htdocs\cashx-development\app\Database\Seeds\UsersSeeder.php(23): CodeIgniter\Database\BaseBuilder->insertBatch(Array)
#6 C:\xampp\htdocs\cashx-development\system\Database\Seeder.php(147): App\Database\Seeds\UsersSeeder->run()
#7 C:\xampp\htdocs\cashx-development\app\Database\Seeds\DatabaseSeeder.php(14): CodeIgniter\Database\Seeder->call('App\\Database\\Se...')
#8 C:\xampp\htdocs\cashx-development\system\Database\Seeder.php(147): App\Database\Seeds\DatabaseSeeder->run()
#9 C:\xampp\htdocs\cashx-development\system\Commands\Database\Seed.php(79): CodeIgniter\Database\Seeder->call('App\\Database\\Se...')
#10 C:\xampp\htdocs\cashx-development\system\CLI\Commands.php(70): CodeIgniter\Commands\Database\Seed->run(Array)
#11 C:\xampp\htdocs\cashx-development\system\CLI\Console.php(48): CodeIgniter\CLI\Commands->run('db:seed', Array)
#12 C:\xampp\htdocs\cashx-development\system\Boot.php(351): CodeIgniter\CLI\Console->run()
#13 C:\xampp\htdocs\cashx-development\system\Boot.php(104): CodeIgniter\Boot::runCommand(Object(CodeIgniter\CLI\Console))
#14 C:\xampp\htdocs\cashx-development\spark(84): CodeIgniter\Boot::bootSpark(Object(Config\Paths))
#15 {main}
ERROR - 2024-12-31 10:06:02 --> mysqli_sql_exception: Unknown column 'BaseCost' in 'field list' in C:\xampp\htdocs\cashx-development\system\Database\MySQLi\Connection.php:312
Stack trace:
#0 C:\xampp\htdocs\cashx-development\system\Database\MySQLi\Connection.php(312): mysqli->query('INSERT INTO `Pr...', 0)
#1 C:\xampp\htdocs\cashx-development\system\Database\BaseConnection.php(734): CodeIgniter\Database\MySQLi\Connection->execute('INSERT INTO `Pr...')
#2 C:\xampp\htdocs\cashx-development\system\Database\BaseConnection.php(648): CodeIgniter\Database\BaseConnection->simpleQuery('INSERT INTO `Pr...')
#3 C:\xampp\htdocs\cashx-development\system\Database\BaseBuilder.php(1836): CodeIgniter\Database\BaseConnection->query('INSERT INTO `Pr...', NULL, false)
#4 C:\xampp\htdocs\cashx-development\system\Database\BaseBuilder.php(2225): CodeIgniter\Database\BaseBuilder->batchExecute('_insertBatch', 100)
#5 C:\xampp\htdocs\cashx-development\app\Database\Seeds\ProductsSeeder.php(56): CodeIgniter\Database\BaseBuilder->insertBatch(Array)
#6 C:\xampp\htdocs\cashx-development\system\Database\Seeder.php(147): App\Database\Seeds\ProductsSeeder->run()
#7 C:\xampp\htdocs\cashx-development\app\Database\Seeds\DatabaseSeeder.php(26): CodeIgniter\Database\Seeder->call('App\\Database\\Se...')
#8 C:\xampp\htdocs\cashx-development\system\Database\Seeder.php(147): App\Database\Seeds\DatabaseSeeder->run()
#9 C:\xampp\htdocs\cashx-development\system\Commands\Database\Seed.php(79): CodeIgniter\Database\Seeder->call('App\\Database\\Se...')
#10 C:\xampp\htdocs\cashx-development\system\CLI\Commands.php(70): CodeIgniter\Commands\Database\Seed->run(Array)
#11 C:\xampp\htdocs\cashx-development\system\CLI\Console.php(48): CodeIgniter\CLI\Commands->run('db:seed', Array)
#12 C:\xampp\htdocs\cashx-development\system\Boot.php(351): CodeIgniter\CLI\Console->run()
#13 C:\xampp\htdocs\cashx-development\system\Boot.php(104): CodeIgniter\Boot::runCommand(Object(CodeIgniter\CLI\Console))
#14 C:\xampp\htdocs\cashx-development\spark(84): CodeIgniter\Boot::bootSpark(Object(Config\Paths))
#15 {main}
ERROR - 2024-12-31 10:07:06 --> mysqli_sql_exception: Table 'cashx_development.discount' doesn't exist in C:\xampp\htdocs\cashx-development\system\Database\MySQLi\Connection.php:312
Stack trace:
#0 C:\xampp\htdocs\cashx-development\system\Database\MySQLi\Connection.php(312): mysqli->query('INSERT INTO `Di...', 0)
#1 C:\xampp\htdocs\cashx-development\system\Database\BaseConnection.php(734): CodeIgniter\Database\MySQLi\Connection->execute('INSERT INTO `Di...')
#2 C:\xampp\htdocs\cashx-development\system\Database\BaseConnection.php(648): CodeIgniter\Database\BaseConnection->simpleQuery('INSERT INTO `Di...')
#3 C:\xampp\htdocs\cashx-development\system\Database\BaseBuilder.php(1836): CodeIgniter\Database\BaseConnection->query('INSERT INTO `Di...', NULL, false)
#4 C:\xampp\htdocs\cashx-development\system\Database\BaseBuilder.php(2225): CodeIgniter\Database\BaseBuilder->batchExecute('_insertBatch', 100)
#5 C:\xampp\htdocs\cashx-development\app\Database\Seeds\DiscountSeeder.php(32): CodeIgniter\Database\BaseBuilder->insertBatch(Array)
#6 C:\xampp\htdocs\cashx-development\system\Database\Seeder.php(147): App\Database\Seeds\DiscountSeeder->run()
#7 C:\xampp\htdocs\cashx-development\app\Database\Seeds\DatabaseSeeder.php(27): CodeIgniter\Database\Seeder->call('App\\Database\\Se...')
#8 C:\xampp\htdocs\cashx-development\system\Database\Seeder.php(147): App\Database\Seeds\DatabaseSeeder->run()
#9 C:\xampp\htdocs\cashx-development\system\Commands\Database\Seed.php(79): CodeIgniter\Database\Seeder->call('App\\Database\\Se...')
#10 C:\xampp\htdocs\cashx-development\system\CLI\Commands.php(70): CodeIgniter\Commands\Database\Seed->run(Array)
#11 C:\xampp\htdocs\cashx-development\system\CLI\Console.php(48): CodeIgniter\CLI\Commands->run('db:seed', Array)
#12 C:\xampp\htdocs\cashx-development\system\Boot.php(351): CodeIgniter\CLI\Console->run()
#13 C:\xampp\htdocs\cashx-development\system\Boot.php(104): CodeIgniter\Boot::runCommand(Object(CodeIgniter\CLI\Console))
#14 C:\xampp\htdocs\cashx-development\spark(84): CodeIgniter\Boot::bootSpark(Object(Config\Paths))
#15 {main}
CRITICAL - 2024-12-31 10:08:41 --> ErrorException: Cannot use [] for reading
[Method: CLI, Route: db:seed/DatabaseSeeder]
in APPPATH\Database\Seeds\RawMaterialsSeeder.php on line 15.
 1 [internal function]: CodeIgniter\Debug\Exceptions->shutdownHandler()
CRITICAL - 2024-12-31 10:12:26 --> ErrorException: Cannot use [] for reading
[Method: CLI, Route: db:seed/RawMaterialsSeeder]
in APPPATH\Database\Seeds\RawMaterialsSeeder.php on line 15.
 1 [internal function]: CodeIgniter\Debug\Exceptions->shutdownHandler()
ERROR - 2024-12-31 10:18:07 --> mysqli_sql_exception: Unknown column 'Quantity' in 'field list' in C:\xampp\htdocs\cashx-development\system\Database\MySQLi\Connection.php:312
Stack trace:
#0 C:\xampp\htdocs\cashx-development\system\Database\MySQLi\Connection.php(312): mysqli->query('INSERT INTO `Pa...', 0)
#1 C:\xampp\htdocs\cashx-development\system\Database\BaseConnection.php(734): CodeIgniter\Database\MySQLi\Connection->execute('INSERT INTO `Pa...')
#2 C:\xampp\htdocs\cashx-development\system\Database\BaseConnection.php(648): CodeIgniter\Database\BaseConnection->simpleQuery('INSERT INTO `Pa...')
#3 C:\xampp\htdocs\cashx-development\system\Database\BaseBuilder.php(1836): CodeIgniter\Database\BaseConnection->query('INSERT INTO `Pa...', NULL, false)
#4 C:\xampp\htdocs\cashx-development\system\Database\BaseBuilder.php(2225): CodeIgniter\Database\BaseBuilder->batchExecute('_insertBatch', 100)
#5 C:\xampp\htdocs\cashx-development\app\Database\Seeds\PackagingSeeder.php(54): CodeIgniter\Database\BaseBuilder->insertBatch(Array)
#6 C:\xampp\htdocs\cashx-development\system\Database\Seeder.php(147): App\Database\Seeds\PackagingSeeder->run()
#7 C:\xampp\htdocs\cashx-development\app\Database\Seeds\DatabaseSeeder.php(32): CodeIgniter\Database\Seeder->call('App\\Database\\Se...')
#8 C:\xampp\htdocs\cashx-development\system\Database\Seeder.php(147): App\Database\Seeds\DatabaseSeeder->run()
#9 C:\xampp\htdocs\cashx-development\system\Commands\Database\Seed.php(79): CodeIgniter\Database\Seeder->call('App\\Database\\Se...')
#10 C:\xampp\htdocs\cashx-development\system\CLI\Commands.php(70): CodeIgniter\Commands\Database\Seed->run(Array)
#11 C:\xampp\htdocs\cashx-development\system\CLI\Console.php(48): CodeIgniter\CLI\Commands->run('db:seed', Array)
#12 C:\xampp\htdocs\cashx-development\system\Boot.php(351): CodeIgniter\CLI\Console->run()
#13 C:\xampp\htdocs\cashx-development\system\Boot.php(104): CodeIgniter\Boot::runCommand(Object(CodeIgniter\CLI\Console))
#14 C:\xampp\htdocs\cashx-development\spark(84): CodeIgniter\Boot::bootSpark(Object(Config\Paths))
#15 {main}
ERROR - 2024-12-31 10:21:18 --> mysqli_sql_exception: Table 'cashx_development.rowmaterials' doesn't exist in C:\xampp\htdocs\cashx-development\system\Database\MySQLi\Connection.php:312
Stack trace:
#0 C:\xampp\htdocs\cashx-development\system\Database\MySQLi\Connection.php(312): mysqli->query('SELECT *\nFROM `...', 0)
#1 C:\xampp\htdocs\cashx-development\system\Database\BaseConnection.php(734): CodeIgniter\Database\MySQLi\Connection->execute('SELECT *\nFROM `...')
#2 C:\xampp\htdocs\cashx-development\system\Database\BaseConnection.php(648): CodeIgniter\Database\BaseConnection->simpleQuery('SELECT *\nFROM `...')
#3 C:\xampp\htdocs\cashx-development\system\Database\BaseBuilder.php(1644): CodeIgniter\Database\BaseConnection->query('SELECT *\nFROM `...', Array, false)
#4 C:\xampp\htdocs\cashx-development\app\Database\Seeds\ProductComponentsSeeder.php(12): CodeIgniter\Database\BaseBuilder->get()
#5 C:\xampp\htdocs\cashx-development\system\Database\Seeder.php(147): App\Database\Seeds\ProductComponentsSeeder->run()
#6 C:\xampp\htdocs\cashx-development\app\Database\Seeds\DatabaseSeeder.php(36): CodeIgniter\Database\Seeder->call('App\\Database\\Se...')
#7 C:\xampp\htdocs\cashx-development\system\Database\Seeder.php(147): App\Database\Seeds\DatabaseSeeder->run()
#8 C:\xampp\htdocs\cashx-development\system\Commands\Database\Seed.php(79): CodeIgniter\Database\Seeder->call('App\\Database\\Se...')
#9 C:\xampp\htdocs\cashx-development\system\CLI\Commands.php(70): CodeIgniter\Commands\Database\Seed->run(Array)
#10 C:\xampp\htdocs\cashx-development\system\CLI\Console.php(48): CodeIgniter\CLI\Commands->run('db:seed', Array)
#11 C:\xampp\htdocs\cashx-development\system\Boot.php(351): CodeIgniter\CLI\Console->run()
#12 C:\xampp\htdocs\cashx-development\system\Boot.php(104): CodeIgniter\Boot::runCommand(Object(CodeIgniter\CLI\Console))
#13 C:\xampp\htdocs\cashx-development\spark(84): CodeIgniter\Boot::bootSpark(Object(Config\Paths))
#14 {main}
